[2024-02-17 17:20:43.574+0800] [main] INFO  cn.ljw.shop.BootShopApplication [55]- Starting BootShopApplication using Java 1.8.0_352 on DESKTOP-TF8MNJB with PID 21868 (D:\ljwWorkspace\SpringBoot2Learn\前后端分离项目\bootShop\target\classes started by Ljw in D:\ljwWorkspace\SpringBoot2Learn\前后端分离项目)
[2024-02-17 17:20:43.583+0800] [main] INFO  cn.ljw.shop.BootShopApplication [631]- No active profile set, falling back to 1 default profile: "default"
[2024-02-17 17:20:44.247+0800] [main] INFO  o.s.d.r.c.RepositoryConfigurationDelegate [262]- Multiple Spring Data modules found, entering strict repository configuration mode
[2024-02-17 17:20:44.249+0800] [main] INFO  o.s.d.r.c.RepositoryConfigurationDelegate [132]- Bootstrapping Spring Data Redis repositories in DEFAULT mode.
[2024-02-17 17:20:44.276+0800] [main] INFO  o.s.d.r.c.RepositoryConfigurationDelegate [201]- Finished Spring Data repository scanning in 7 ms. Found 0 Redis repository interfaces.
[2024-02-17 17:20:44.608+0800] [main] INFO  o.s.b.w.e.tomcat.TomcatWebServer [108]- Tomcat initialized with port(s): 8888 (http)
[2024-02-17 17:20:44.614+0800] [main] INFO  o.a.coyote.http11.Http11NioProtocol [173]- Initializing ProtocolHandler ["http-nio-8888"]
[2024-02-17 17:20:44.614+0800] [main] INFO  o.a.catalina.core.StandardService [173]- Starting service [Tomcat]
[2024-02-17 17:20:44.616+0800] [main] INFO  o.a.catalina.core.StandardEngine [173]- Starting Servlet engine: [Apache Tomcat/9.0.71]
[2024-02-17 17:20:44.692+0800] [main] INFO  o.a.c.c.C.[Tomcat].[localhost].[/] [173]- Initializing Spring embedded WebApplicationContext
[2024-02-17 17:20:44.692+0800] [main] INFO  o.s.b.w.s.c.ServletWebServerApplicationContext [292]- Root WebApplicationContext: initialization completed in 1043 ms
[2024-02-17 17:20:45.764+0800] [main] INFO  o.a.coyote.http11.Http11NioProtocol [173]- Starting ProtocolHandler ["http-nio-8888"]
[2024-02-17 17:20:45.778+0800] [main] INFO  o.s.b.w.e.tomcat.TomcatWebServer [220]- Tomcat started on port(s): 8888 (http) with context path ''
[2024-02-17 17:20:45.786+0800] [main] INFO  cn.ljw.shop.BootShopApplication [61]- Started BootShopApplication in 2.772 seconds (JVM running for 3.769)
[2024-02-17 17:24:26.482+0800] [http-nio-8888-exec-1] INFO  o.a.c.c.C.[Tomcat].[localhost].[/] [173]- Initializing Spring DispatcherServlet 'dispatcherServlet'
[2024-02-17 17:24:26.483+0800] [http-nio-8888-exec-1] INFO  o.s.web.servlet.DispatcherServlet [525]- Initializing Servlet 'dispatcherServlet'
[2024-02-17 17:24:26.485+0800] [http-nio-8888-exec-1] INFO  o.s.web.servlet.DispatcherServlet [547]- Completed initialization in 2 ms
[2024-02-17 17:24:26.604+0800] [http-nio-8888-exec-2] INFO  com.zaxxer.hikari.HikariDataSource [110]- HikariPool-1 - Starting...
[2024-02-17 17:24:26.783+0800] [http-nio-8888-exec-2] INFO  com.zaxxer.hikari.pool.PoolBase [541]- HikariPool-1 - Driver does not support get/set network timeout for connections. (com.mysql.jdbc.JDBC4Connection.getNetworkTimeout()I)
[2024-02-17 17:24:26.790+0800] [http-nio-8888-exec-2] INFO  com.zaxxer.hikari.HikariDataSource [123]- HikariPool-1 - Start completed.
[2024-02-17 17:24:26.834+0800] [http-nio-8888-exec-2] DEBUG c.l.s.m.AdminInfoMapper.findByName [137]- ==>  Preparing: select * from admin_info where name=?
[2024-02-17 17:24:26.855+0800] [http-nio-8888-exec-2] DEBUG c.l.s.m.AdminInfoMapper.findByName [137]- ==> Parameters: admin(String)
[2024-02-17 17:24:26.884+0800] [http-nio-8888-exec-2] DEBUG c.l.s.m.AdminInfoMapper.findByName [137]- <==      Total: 1
[2024-02-17 17:24:27.088+0800] [http-nio-8888-exec-4] DEBUG c.l.s.m.A.findAdminById [137]- ==>  Preparing: select * from admin_info where id=?
[2024-02-17 17:24:27.088+0800] [http-nio-8888-exec-4] DEBUG c.l.s.m.A.findAdminById [137]- ==> Parameters: 1(Integer)
[2024-02-17 17:24:27.089+0800] [http-nio-8888-exec-4] DEBUG c.l.s.m.A.findAdminById [137]- <==      Total: 1
[2024-02-17 17:24:27.099+0800] [http-nio-8888-exec-4] DEBUG c.l.s.m.F.findFunctionIdsByAid [137]- ==>  Preparing: select distinct fid from role_functions where rid in (select rid from admin_role where aid=?)
[2024-02-17 17:24:27.100+0800] [http-nio-8888-exec-4] DEBUG c.l.s.m.F.findFunctionIdsByAid [137]- ==> Parameters: 1(Integer)
[2024-02-17 17:24:27.108+0800] [http-nio-8888-exec-4] DEBUG c.l.s.m.F.findFunctionIdsByAid [137]- <==      Total: 11
[2024-02-17 17:24:27.110+0800] [http-nio-8888-exec-4] DEBUG c.l.s.m.F.findFunctionsById [137]- ==>  Preparing: SELECT * FROM functions Where id=?
[2024-02-17 17:24:27.110+0800] [http-nio-8888-exec-4] DEBUG c.l.s.m.F.findFunctionsById [137]- ==> Parameters: 1(Integer)
[2024-02-17 17:24:27.114+0800] [http-nio-8888-exec-4] DEBUG c.l.s.m.F.findFunctionsById [137]- <==      Total: 1
[2024-02-17 17:24:27.115+0800] [http-nio-8888-exec-4] DEBUG c.l.s.m.F.findFunctionsById [137]- ==>  Preparing: SELECT * FROM functions Where id=?
[2024-02-17 17:24:27.116+0800] [http-nio-8888-exec-4] DEBUG c.l.s.m.F.findFunctionsById [137]- ==> Parameters: 2(Integer)
[2024-02-17 17:24:27.117+0800] [http-nio-8888-exec-4] DEBUG c.l.s.m.F.findFunctionsById [137]- <==      Total: 1
[2024-02-17 17:24:27.118+0800] [http-nio-8888-exec-4] DEBUG c.l.s.m.F.findFunctionsById [137]- ==>  Preparing: SELECT * FROM functions Where id=?
[2024-02-17 17:24:27.119+0800] [http-nio-8888-exec-4] DEBUG c.l.s.m.F.findFunctionsById [137]- ==> Parameters: 3(Integer)
[2024-02-17 17:24:27.120+0800] [http-nio-8888-exec-4] DEBUG c.l.s.m.F.findFunctionsById [137]- <==      Total: 1
[2024-02-17 17:24:27.121+0800] [http-nio-8888-exec-4] DEBUG c.l.s.m.F.findFunctionsById [137]- ==>  Preparing: SELECT * FROM functions Where id=?
[2024-02-17 17:24:27.121+0800] [http-nio-8888-exec-4] DEBUG c.l.s.m.F.findFunctionsById [137]- ==> Parameters: 4(Integer)
[2024-02-17 17:24:27.122+0800] [http-nio-8888-exec-4] DEBUG c.l.s.m.F.findFunctionsById [137]- <==      Total: 1
[2024-02-17 17:24:27.123+0800] [http-nio-8888-exec-4] DEBUG c.l.s.m.F.findFunctionsById [137]- ==>  Preparing: SELECT * FROM functions Where id=?
[2024-02-17 17:24:27.124+0800] [http-nio-8888-exec-4] DEBUG c.l.s.m.F.findFunctionsById [137]- ==> Parameters: 5(Integer)
[2024-02-17 17:24:27.125+0800] [http-nio-8888-exec-4] DEBUG c.l.s.m.F.findFunctionsById [137]- <==      Total: 1
[2024-02-17 17:24:27.126+0800] [http-nio-8888-exec-4] DEBUG c.l.s.m.F.findFunctionsById [137]- ==>  Preparing: SELECT * FROM functions Where id=?
[2024-02-17 17:24:27.126+0800] [http-nio-8888-exec-4] DEBUG c.l.s.m.F.findFunctionsById [137]- ==> Parameters: 6(Integer)
[2024-02-17 17:24:27.128+0800] [http-nio-8888-exec-4] DEBUG c.l.s.m.F.findFunctionsById [137]- <==      Total: 1
[2024-02-17 17:24:27.128+0800] [http-nio-8888-exec-4] DEBUG c.l.s.m.F.findFunctionsById [137]- ==>  Preparing: SELECT * FROM functions Where id=?
[2024-02-17 17:24:27.129+0800] [http-nio-8888-exec-4] DEBUG c.l.s.m.F.findFunctionsById [137]- ==> Parameters: 7(Integer)
[2024-02-17 17:24:27.130+0800] [http-nio-8888-exec-4] DEBUG c.l.s.m.F.findFunctionsById [137]- <==      Total: 1
[2024-02-17 17:24:27.130+0800] [http-nio-8888-exec-4] DEBUG c.l.s.m.F.findFunctionsById [137]- ==>  Preparing: SELECT * FROM functions Where id=?
[2024-02-17 17:24:27.131+0800] [http-nio-8888-exec-4] DEBUG c.l.s.m.F.findFunctionsById [137]- ==> Parameters: 8(Integer)
[2024-02-17 17:24:27.132+0800] [http-nio-8888-exec-4] DEBUG c.l.s.m.F.findFunctionsById [137]- <==      Total: 1
[2024-02-17 17:24:27.133+0800] [http-nio-8888-exec-4] DEBUG c.l.s.m.F.findFunctionsById [137]- ==>  Preparing: SELECT * FROM functions Where id=?
[2024-02-17 17:24:27.133+0800] [http-nio-8888-exec-4] DEBUG c.l.s.m.F.findFunctionsById [137]- ==> Parameters: 9(Integer)
[2024-02-17 17:24:27.134+0800] [http-nio-8888-exec-4] DEBUG c.l.s.m.F.findFunctionsById [137]- <==      Total: 1
[2024-02-17 17:24:27.135+0800] [http-nio-8888-exec-4] DEBUG c.l.s.m.F.findFunctionsById [137]- ==>  Preparing: SELECT * FROM functions Where id=?
[2024-02-17 17:24:27.136+0800] [http-nio-8888-exec-4] DEBUG c.l.s.m.F.findFunctionsById [137]- ==> Parameters: 10(Integer)
[2024-02-17 17:24:27.137+0800] [http-nio-8888-exec-4] DEBUG c.l.s.m.F.findFunctionsById [137]- <==      Total: 1
[2024-02-17 17:24:27.137+0800] [http-nio-8888-exec-4] DEBUG c.l.s.m.F.findFunctionsById [137]- ==>  Preparing: SELECT * FROM functions Where id=?
[2024-02-17 17:24:27.138+0800] [http-nio-8888-exec-4] DEBUG c.l.s.m.F.findFunctionsById [137]- ==> Parameters: 11(Integer)
[2024-02-17 17:24:27.140+0800] [http-nio-8888-exec-4] DEBUG c.l.s.m.F.findFunctionsById [137]- <==      Total: 1
[2024-02-17 17:24:30.182+0800] [http-nio-8888-exec-7] DEBUG c.l.s.m.A.findAdminById [137]- ==>  Preparing: select * from admin_info where id=?
[2024-02-17 17:24:30.182+0800] [http-nio-8888-exec-7] DEBUG c.l.s.m.A.findAdminById [137]- ==> Parameters: 1(Integer)
[2024-02-17 17:24:30.185+0800] [http-nio-8888-exec-7] DEBUG c.l.s.m.A.findAdminById [137]- <==      Total: 1
[2024-02-17 17:24:30.248+0800] [http-nio-8888-exec-7] INFO  c.l.s.controller.GoodsInfoController [34]- 访问商品列表
[2024-02-17 17:24:30.273+0800] [http-nio-8888-exec-7] DEBUG c.l.s.mapper.GoodsInfoMapper.count [137]- ==>  Preparing: SELECT count(*) FROM goods_info where status = 1
[2024-02-17 17:24:30.274+0800] [http-nio-8888-exec-7] DEBUG c.l.s.mapper.GoodsInfoMapper.count [137]- ==> Parameters: 
[2024-02-17 17:24:30.284+0800] [http-nio-8888-exec-7] DEBUG c.l.s.mapper.GoodsInfoMapper.count [137]- <==      Total: 1
[2024-02-17 17:24:30.289+0800] [http-nio-8888-exec-7] DEBUG c.l.s.m.GoodsInfoMapper.findByPage [137]- ==>  Preparing: SELECT * FROM goods_info where status = 1 limit ? , ?
[2024-02-17 17:24:30.290+0800] [http-nio-8888-exec-7] DEBUG c.l.s.m.GoodsInfoMapper.findByPage [137]- ==> Parameters: 0(Integer), 5(Integer)
[2024-02-17 17:24:30.299+0800] [http-nio-8888-exec-7] DEBUG c.l.s.mapper.CategoryMapper.findById [137]- ====>  Preparing: SELECT * FROM category where id=?
[2024-02-17 17:24:30.300+0800] [http-nio-8888-exec-7] DEBUG c.l.s.mapper.CategoryMapper.findById [137]- ====> Parameters: 1(Integer)
[2024-02-17 17:24:30.303+0800] [http-nio-8888-exec-7] DEBUG c.l.s.mapper.CategoryMapper.findById [137]- <====      Total: 1
[2024-02-17 17:24:30.305+0800] [http-nio-8888-exec-7] DEBUG c.l.s.m.GoodsInfoMapper.findByPage [137]- <==      Total: 5
[2024-02-17 17:24:30.306+0800] [http-nio-8888-exec-7] INFO  c.l.s.controller.GoodsInfoController [51]- 获取商品信息:1
[2024-02-17 17:25:00.588+0800] [http-nio-8888-exec-1] DEBUG c.l.s.m.A.findAdminById [137]- ==>  Preparing: select * from admin_info where id=?
[2024-02-17 17:25:00.588+0800] [http-nio-8888-exec-1] DEBUG c.l.s.m.A.findAdminById [137]- ==> Parameters: 1(Integer)
[2024-02-17 17:25:00.590+0800] [http-nio-8888-exec-1] DEBUG c.l.s.m.A.findAdminById [137]- <==      Total: 1
[2024-02-17 17:25:00.593+0800] [http-nio-8888-exec-1] DEBUG c.l.s.m.G.findGoodsInfoByStatus [137]- ==>  Preparing: SELECT * FROM goods_info where status = ?
[2024-02-17 17:25:00.593+0800] [http-nio-8888-exec-1] DEBUG c.l.s.m.G.findGoodsInfoByStatus [137]- ==> Parameters: 1(Integer)
[2024-02-17 17:25:00.600+0800] [http-nio-8888-exec-1] DEBUG c.l.s.m.G.findGoodsInfoByStatus [137]- <==      Total: 14
[2024-02-17 17:25:00.601+0800] [http-nio-8888-exec-6] DEBUG c.l.s.m.A.findAdminById [137]- ==>  Preparing: select * from admin_info where id=?
[2024-02-17 17:25:00.601+0800] [http-nio-8888-exec-6] DEBUG c.l.s.m.A.findAdminById [137]- ==> Parameters: 1(Integer)
[2024-02-17 17:25:00.602+0800] [http-nio-8888-exec-6] DEBUG c.l.s.m.A.findAdminById [137]- <==      Total: 1
[2024-02-17 17:25:00.602+0800] [http-nio-8888-exec-2] DEBUG c.l.s.m.A.findAdminById [137]- ==>  Preparing: select * from admin_info where id=?
[2024-02-17 17:25:00.604+0800] [http-nio-8888-exec-2] DEBUG c.l.s.m.A.findAdminById [137]- ==> Parameters: 1(Integer)
[2024-02-17 17:25:00.605+0800] [http-nio-8888-exec-2] DEBUG c.l.s.m.A.findAdminById [137]- <==      Total: 1
[2024-02-17 17:25:00.616+0800] [http-nio-8888-exec-2] DEBUG c.l.s.m.U.findUserInfoByStatus [137]- ==>  Preparing: SELECT * FROM user_info WHERE status = ?
[2024-02-17 17:25:00.617+0800] [http-nio-8888-exec-2] DEBUG c.l.s.m.U.findUserInfoByStatus [137]- ==> Parameters: 0(Integer)
[2024-02-17 17:25:00.622+0800] [http-nio-8888-exec-2] DEBUG c.l.s.m.U.findUserInfoByStatus [137]- <==      Total: 3
[2024-02-17 17:25:01.893+0800] [http-nio-8888-exec-4] DEBUG c.l.s.m.A.findAdminById [137]- ==>  Preparing: select * from admin_info where id=?
[2024-02-17 17:25:01.894+0800] [http-nio-8888-exec-4] DEBUG c.l.s.m.A.findAdminById [137]- ==> Parameters: 1(Integer)
[2024-02-17 17:25:01.895+0800] [http-nio-8888-exec-4] DEBUG c.l.s.m.A.findAdminById [137]- <==      Total: 1
[2024-02-17 17:25:01.903+0800] [http-nio-8888-exec-4] DEBUG c.l.s.mapper.AdminInfoMapper.count [137]- ==>  Preparing: select count(*) from admin_info
[2024-02-17 17:25:01.904+0800] [http-nio-8888-exec-4] DEBUG c.l.s.mapper.AdminInfoMapper.count [137]- ==> Parameters: 
[2024-02-17 17:25:01.905+0800] [http-nio-8888-exec-4] DEBUG c.l.s.mapper.AdminInfoMapper.count [137]- <==      Total: 1
[2024-02-17 17:25:01.906+0800] [http-nio-8888-exec-4] DEBUG c.l.s.m.AdminInfoMapper.findByPage [137]- ==>  Preparing: select id,name,pwd,delState from admin_info limit ?,?
[2024-02-17 17:25:01.907+0800] [http-nio-8888-exec-4] DEBUG c.l.s.m.AdminInfoMapper.findByPage [137]- ==> Parameters: 0(Integer), 0(Integer)
[2024-02-17 17:25:01.908+0800] [http-nio-8888-exec-4] DEBUG c.l.s.m.AdminInfoMapper.findByPage [137]- <==      Total: 0
[2024-02-17 17:25:01.910+0800] [http-nio-8888-exec-4] INFO  c.l.s.controller.AdminInfoController [105]- 获取管理员列表:0
[2024-02-17 17:25:02.538+0800] [http-nio-8888-exec-7] DEBUG c.l.s.m.A.findAdminById [137]- ==>  Preparing: select * from admin_info where id=?
[2024-02-17 17:25:02.538+0800] [http-nio-8888-exec-7] DEBUG c.l.s.m.A.findAdminById [137]- ==> Parameters: 1(Integer)
[2024-02-17 17:25:02.542+0800] [http-nio-8888-exec-7] DEBUG c.l.s.m.A.findAdminById [137]- <==      Total: 1
[2024-02-17 17:25:02.552+0800] [http-nio-8888-exec-7] DEBUG c.l.shop.mapper.UserInfoMapper.count [137]- ==>  Preparing: SELECT count(*) FROM user_info
[2024-02-17 17:25:02.552+0800] [http-nio-8888-exec-7] DEBUG c.l.shop.mapper.UserInfoMapper.count [137]- ==> Parameters: 
[2024-02-17 17:25:02.553+0800] [http-nio-8888-exec-7] DEBUG c.l.shop.mapper.UserInfoMapper.count [137]- <==      Total: 1
[2024-02-17 17:25:02.554+0800] [http-nio-8888-exec-7] DEBUG c.l.s.m.UserInfoMapper.findByPage [137]- ==>  Preparing: SELECT * FROM user_info limit ? , ?
[2024-02-17 17:25:02.555+0800] [http-nio-8888-exec-7] DEBUG c.l.s.m.UserInfoMapper.findByPage [137]- ==> Parameters: 0(Integer), 5(Integer)
[2024-02-17 17:25:02.557+0800] [http-nio-8888-exec-7] DEBUG c.l.s.m.UserInfoMapper.findByPage [137]- <==      Total: 5
[2024-02-17 17:25:11.719+0800] [http-nio-8888-exec-8] DEBUG c.l.s.m.A.findAdminById [137]- ==>  Preparing: select * from admin_info where id=?
[2024-02-17 17:25:11.720+0800] [http-nio-8888-exec-8] DEBUG c.l.s.m.A.findAdminById [137]- ==> Parameters: 1(Integer)
[2024-02-17 17:25:11.722+0800] [http-nio-8888-exec-8] DEBUG c.l.s.m.A.findAdminById [137]- <==      Total: 1
[2024-02-17 17:25:11.732+0800] [http-nio-8888-exec-8] DEBUG c.l.s.mapper.RoleMapper.findAllRole [137]- ==>  Preparing: SELECT * FROM role
[2024-02-17 17:25:11.733+0800] [http-nio-8888-exec-8] DEBUG c.l.s.mapper.RoleMapper.findAllRole [137]- ==> Parameters: 
[2024-02-17 17:25:11.737+0800] [http-nio-8888-exec-8] DEBUG c.l.s.mapper.RoleMapper.findAllRole [137]- <==      Total: 8
[2024-02-17 17:28:58.469+0800] [SpringApplicationShutdownHook] INFO  com.zaxxer.hikari.HikariDataSource [350]- HikariPool-1 - Shutdown initiated...
[2024-02-17 17:28:58.472+0800] [SpringApplicationShutdownHook] INFO  com.zaxxer.hikari.HikariDataSource [352]- HikariPool-1 - Shutdown completed.
